[0628/193721.840:ERROR:process_memory_win.cc(73)] ReadMemory at 0x21239273fc0 of 72 bytes failed: Only part of a ReadProcessMemory or WriteProcessMemory request was completed. (0x12B)
[0628/193721.878:WARNING:pe_image_annotations_reader.cc(134)] could not read annotations list object in C:\Program Files (x86)\Google\Chrome\Application\83.0.4103.116\chrome_elf.dll
[0628/193721.878:ERROR:process_memory_win.cc(73)] ReadMemory at 0x212395c0000 of 64 bytes failed: Only part of a ReadProcessMemory or WriteProcessMemory request was completed. (0x12B)
[0628/193721.878:WARNING:pe_image_reader.cc(340)] could not read dos header from C:\WINDOWS\System32\RPCRT4.dll
[0628/193721.878:ERROR:process_memory_win.cc(73)] ReadMemory at 0x212397265e0 of 72 bytes failed: Only part of a ReadProcessMemory or WriteProcessMemory request was completed. (0x12B)
[0628/193721.895:WARNING:pe_image_annotations_reader.cc(134)] could not read annotations list object in C:\Program Files (x86)\Google\Chrome\Application\83.0.4103.116\chrome.dll
[0628/193721.898:ERROR:process_memory_win.cc(73)] ReadMemory at 0x21239273fc0 of 72 bytes failed: Only part of a ReadProcessMemory or WriteProcessMemory request was completed. (0x12B)
[0628/193721.898:WARNING:pe_image_annotations_reader.cc(134)] could not read annotations list object in C:\Program Files (x86)\Google\Chrome\Application\83.0.4103.116\chrome_elf.dll
[0628/193721.899:ERROR:process_memory_win.cc(73)] ReadMemory at 0x212395c0000 of 64 bytes failed: Only part of a ReadProcessMemory or WriteProcessMemory request was completed. (0x12B)
[0628/193721.899:WARNING:pe_image_reader.cc(340)] could not read dos header from C:\WINDOWS\System32\RPCRT4.dll
[0628/193721.899:ERROR:process_memory_win.cc(73)] ReadMemory at 0x212397265e0 of 72 bytes failed: Only part of a ReadProcessMemory or WriteProcessMemory request was completed. (0x12B)
[0628/193721.899:WARNING:pe_image_annotations_reader.cc(134)] could not read annotations list object in C:\Program Files (x86)\Google\Chrome\Application\83.0.4103.116\chrome.dll
[0628/193721.960:ERROR:process_memory_win.cc(73)] ReadMemory at 0x47f35e7000 of 102400 bytes failed: Only part of a ReadProcessMemory or WriteProcessMemory request was completed. (0x12B)
[0628/193721.961:ERROR:process_memory_win.cc(73)] ReadMemory at 0x47f3dfd000 of 12288 bytes failed: Only part of a ReadProcessMemory or WriteProcessMemory request was completed. (0x12B)
[0628/193721.961:ERROR:process_memory_win.cc(73)] ReadMemory at 0x47f4dfc000 of 16384 bytes failed: Only part of a ReadProcessMemory or WriteProcessMemory request was completed. (0x12B)
[0628/193721.961:ERROR:process_memory_win.cc(73)] ReadMemory at 0x47f55fb000 of 20480 bytes failed: Only part of a ReadProcessMemory or WriteProcessMemory request was completed. (0x12B)
[0628/193721.961:ERROR:process_memory_win.cc(73)] ReadMemory at 0x47f5dff000 of 4096 bytes failed: Only part of a ReadProcessMemory or WriteProcessMemory request was completed. (0x12B)
[0628/193721.961:ERROR:process_memory_win.cc(73)] ReadMemory at 0x47f65fd000 of 12288 bytes failed: Only part of a ReadProcessMemory or WriteProcessMemory request was completed. (0x12B)
[0628/193721.962:ERROR:process_memory_win.cc(73)] ReadMemory at 0x47f6dfb000 of 20480 bytes failed: Only part of a ReadProcessMemory or WriteProcessMemory request was completed. (0x12B)
[0628/193721.962:ERROR:process_memory_win.cc(73)] ReadMemory at 0x47f7dfd000 of 12288 bytes failed: Only part of a ReadProcessMemory or WriteProcessMemory request was completed. (0x12B)
[0628/193721.962:ERROR:process_memory_win.cc(73)] ReadMemory at 0x47f85f6000 of 40960 bytes failed: Only part of a ReadProcessMemory or WriteProcessMemory request was completed. (0x12B)
[0628/193721.962:ERROR:process_memory_win.cc(73)] ReadMemory at 0x47f8df5000 of 45056 bytes failed: Only part of a ReadProcessMemory or WriteProcessMemory request was completed. (0x12B)
[0628/193721.962:ERROR:process_memory_win.cc(73)] ReadMemory at 0x47f95fd000 of 12288 bytes failed: Only part of a ReadProcessMemory or WriteProcessMemory request was completed. (0x12B)
[0628/193721.962:ERROR:process_memory_win.cc(73)] ReadMemory at 0x47f75fd000 of 12288 bytes failed: Only part of a ReadProcessMemory or WriteProcessMemory request was completed. (0x12B)
[0628/193721.963:ERROR:process_memory_win.cc(73)] ReadMemory at 0x47fadfd000 of 12288 bytes failed: Only part of a ReadProcessMemory or WriteProcessMemory request was completed. (0x12B)
[0628/193721.963:ERROR:process_memory_win.cc(73)] ReadMemory at 0x47fa5fd000 of 12288 bytes failed: Only part of a ReadProcessMemory or WriteProcessMemory request was completed. (0x12B)
[0628/193721.964:ERROR:process_memory_win.cc(73)] ReadMemory at 0x47f45fd000 of 12288 bytes failed: Only part of a ReadProcessMemory or WriteProcessMemory request was completed. (0x12B)
[0628/193721.967:ERROR:process_memory_win.cc(73)] ReadMemory at 0x47f2d1c000 of 852 bytes failed: Only part of a ReadProcessMemory or WriteProcessMemory request was completed. (0x12B)
[0628/193721.967:ERROR:process_memory_win.cc(73)] ReadMemory at 0x47f2d1d000 of 6024 bytes failed: Only part of a ReadProcessMemory or WriteProcessMemory request was completed. (0x12B)
[0628/193721.967:ERROR:process_memory_win.cc(73)] ReadMemory at 0x47f2d1f000 of 6024 bytes failed: Only part of a ReadProcessMemory or WriteProcessMemory request was completed. (0x12B)
[0628/193721.967:ERROR:process_memory_win.cc(73)] ReadMemory at 0x47f2d23000 of 6024 bytes failed: Only part of a ReadProcessMemory or WriteProcessMemory request was completed. (0x12B)
[0628/193721.967:ERROR:process_memory_win.cc(73)] ReadMemory at 0x47f2d25000 of 6024 bytes failed: Only part of a ReadProcessMemory or WriteProcessMemory request was completed. (0x12B)
[0628/193721.967:ERROR:process_memory_win.cc(73)] ReadMemory at 0x47f2d27000 of 6024 bytes failed: Only part of a ReadProcessMemory or WriteProcessMemory request was completed. (0x12B)
[0628/193721.967:ERROR:process_memory_win.cc(73)] ReadMemory at 0x47f2d29000 of 6024 bytes failed: Only part of a ReadProcessMemory or WriteProcessMemory request was completed. (0x12B)
[0628/193721.967:ERROR:process_memory_win.cc(73)] ReadMemory at 0x47f2d2b000 of 6024 bytes failed: Only part of a ReadProcessMemory or WriteProcessMemory request was completed. (0x12B)
[0628/193721.967:ERROR:process_memory_win.cc(73)] ReadMemory at 0x47f2d2f000 of 6024 bytes failed: Only part of a ReadProcessMemory or WriteProcessMemory request was completed. (0x12B)
[0628/193721.967:ERROR:process_memory_win.cc(73)] ReadMemory at 0x47f2d31000 of 6024 bytes failed: Only part of a ReadProcessMemory or WriteProcessMemory request was completed. (0x12B)
[0628/193721.967:ERROR:process_memory_win.cc(73)] ReadMemory at 0x47f2d33000 of 6024 bytes failed: Only part of a ReadProcessMemory or WriteProcessMemory request was completed. (0x12B)
[0628/193721.968:ERROR:process_memory_win.cc(73)] ReadMemory at 0x47f2d35000 of 6024 bytes failed: Only part of a ReadProcessMemory or WriteProcessMemory request was completed. (0x12B)
[0628/193721.968:ERROR:process_memory_win.cc(73)] ReadMemory at 0x47f2d3d000 of 6024 bytes failed: Only part of a ReadProcessMemory or WriteProcessMemory request was completed. (0x12B)
[0628/193721.968:ERROR:process_memory_win.cc(73)] ReadMemory at 0x47f2d43000 of 6024 bytes failed: Only part of a ReadProcessMemory or WriteProcessMemory request was completed. (0x12B)
[0628/193721.968:ERROR:process_memory_win.cc(73)] ReadMemory at 0x47f2d57000 of 6024 bytes failed: Only part of a ReadProcessMemory or WriteProcessMemory request was completed. (0x12B)
[0628/193721.968:ERROR:process_memory_win.cc(73)] ReadMemory at 0x47f2d59000 of 6024 bytes failed: Only part of a ReadProcessMemory or WriteProcessMemory request was completed. (0x12B)
[0628/193721.968:ERROR:process_memory_win.cc(73)] ReadMemory at 0x21238fe0750 of 80 bytes failed: Only part of a ReadProcessMemory or WriteProcessMemory request was completed. (0x12B)
[0628/193721.968:ERROR:process_memory_win.cc(73)] ReadMemory at 0x21238fe0ad0 of 1016 bytes failed: Only part of a ReadProcessMemory or WriteProcessMemory request was completed. (0x12B)
[0628/193721.971:ERROR:process_memory_win.cc(73)] ReadMemory at 0x21238fe0fe0 of 5768 bytes failed: Only part of a ReadProcessMemory or WriteProcessMemory request was completed. (0x12B)
[0628/193721.973:ERROR:process_memory_win.cc(73)] ReadMemory at 0x21238fe2670 of 1012 bytes failed: Only part of a ReadProcessMemory or WriteProcessMemory request was completed. (0x12B)
[0628/193721.973:ERROR:process_memory_win.cc(73)] ReadMemory at 0x21238fe2cb8 of 118 bytes failed: Only part of a ReadProcessMemory or WriteProcessMemory request was completed. (0x12B)
[0628/193721.973:ERROR:process_memory_win.cc(73)] ReadMemory at 0x21238fe2d30 of 1258 bytes failed: Only part of a ReadProcessMemory or WriteProcessMemory request was completed. (0x12B)
[0628/193721.974:ERROR:process_memory_win.cc(73)] ReadMemory at 0x21238fe321c of 118 bytes failed: Only part of a ReadProcessMemory or WriteProcessMemory request was completed. (0x12B)
[0628/193721.974:ERROR:process_memory_win.cc(73)] ReadMemory at 0x21238fe3294 of 102 bytes failed: Only part of a ReadProcessMemory or WriteProcessMemory request was completed. (0x12B)
[0628/193721.974:ERROR:process_memory_win.cc(73)] ReadMemory at 0x21238fe3310 of 58 bytes failed: Only part of a ReadProcessMemory or WriteProcessMemory request was completed. (0x12B)
[0628/193721.974:ERROR:process_memory_win.cc(73)] ReadMemory at 0x21238fe3410 of 132 bytes failed: Only part of a ReadProcessMemory or WriteProcessMemory request was completed. (0x12B)
[0628/193721.974:ERROR:process_memory_win.cc(73)] ReadMemory at 0x21238fe35a0 of 132 bytes failed: Only part of a ReadProcessMemory or WriteProcessMemory request was completed. (0x12B)
[0628/193721.976:ERROR:process_memory_win.cc(73)] ReadMemory at 0x21238fe3760 of 126 bytes failed: Only part of a ReadProcessMemory or WriteProcessMemory request was completed. (0x12B)
[0628/193721.976:ERROR:process_memory_win.cc(73)] ReadMemory at 0x21238fe3b40 of 132 bytes failed: Only part of a ReadProcessMemory or WriteProcessMemory request was completed. (0x12B)
[0628/193721.976:ERROR:process_memory_win.cc(73)] ReadMemory at 0x21238fe3cd0 of 64 bytes failed: Only part of a ReadProcessMemory or WriteProcessMemory request was completed. (0x12B)
[0628/193721.976:ERROR:process_memory_win.cc(73)] ReadMemory at 0x21238fe3d20 of 132 bytes failed: Only part of a ReadProcessMemory or WriteProcessMemory request was completed. (0x12B)
[0628/193721.976:ERROR:process_memory_win.cc(73)] ReadMemory at 0x21238fe3e90 of 132 bytes failed: Only part of a ReadProcessMemory or WriteProcessMemory request was completed. (0x12B)
[0628/193721.977:ERROR:process_memory_win.cc(73)] ReadMemory at 0x21238fe4130 of 132 bytes failed: Only part of a ReadProcessMemory or WriteProcessMemory request was completed. (0x12B)
[0628/193721.977:ERROR:process_memory_win.cc(73)] ReadMemory at 0x21238fe42c0 of 68 bytes failed: Only part of a ReadProcessMemory or WriteProcessMemory request was completed. (0x12B)
[0628/193721.977:ERROR:process_memory_win.cc(73)] ReadMemory at 0x21238fe5480 of 132 bytes failed: Only part of a ReadProcessMemory or WriteProcessMemory request was completed. (0x12B)
[0628/193721.977:ERROR:process_memory_win.cc(73)] ReadMemory at 0x21238fe5610 of 154 bytes failed: Only part of a ReadProcessMemory or WriteProcessMemory request was completed. (0x12B)
[0628/193721.977:ERROR:process_memory_win.cc(73)] ReadMemory at 0x21238fe6440 of 62 bytes failed: Only part of a ReadProcessMemory or WriteProcessMemory request was completed. (0x12B)
[0628/193721.977:ERROR:process_memory_win.cc(73)] ReadMemory at 0x21238fe6490 of 146 bytes failed: Only part of a ReadProcessMemory or WriteProcessMemory request was completed. (0x12B)
[0628/193721.977:ERROR:process_memory_win.cc(73)] ReadMemory at 0x21238fe6570 of 132 bytes failed: Only part of a ReadProcessMemory or WriteProcessMemory request was completed. (0x12B)
[0628/193721.977:ERROR:process_memory_win.cc(73)] ReadMemory at 0x21238fe6700 of 60 bytes failed: Only part of a ReadProcessMemory or WriteProcessMemory request was completed. (0x12B)
[0628/193721.977:ERROR:process_memory_win.cc(73)] ReadMemory at 0x21238fe71bc of 512 bytes failed: Only part of a ReadProcessMemory or WriteProcessMemory request was completed. (0x12B)
[0628/193721.979:ERROR:process_memory_win.cc(73)] ReadMemory at 0x21238fe81a0 of 132 bytes failed: Only part of a ReadProcessMemory or WriteProcessMemory request was completed. (0x12B)
[0628/193721.981:ERROR:process_memory_win.cc(73)] ReadMemory at 0x21238fe84f0 of 132 bytes failed: Only part of a ReadProcessMemory or WriteProcessMemory request was completed. (0x12B)
[0628/193721.983:ERROR:process_memory_win.cc(73)] ReadMemory at 0x21238fe8710 of 132 bytes failed: Only part of a ReadProcessMemory or WriteProcessMemory request was completed. (0x12B)
[0628/193721.983:ERROR:process_memory_win.cc(73)] ReadMemory at 0x21238fe8930 of 132 bytes failed: Only part of a ReadProcessMemory or WriteProcessMemory request was completed. (0x12B)
[0628/193721.983:ERROR:process_memory_win.cc(73)] ReadMemory at 0x21238fe8bf0 of 132 bytes failed: Only part of a ReadProcessMemory or WriteProcessMemory request was completed. (0x12B)
[0628/193721.983:ERROR:process_memory_win.cc(73)] ReadMemory at 0x21238febaf0 of 60 bytes failed: Only part of a ReadProcessMemory or WriteProcessMemory request was completed. (0x12B)
[0628/193721.983:ERROR:process_memory_win.cc(73)] ReadMemory at 0x21238febdc0 of 62 bytes failed: Only part of a ReadProcessMemory or WriteProcessMemory request was completed. (0x12B)
[0628/193721.983:ERROR:process_memory_win.cc(73)] ReadMemory at 0x21238febe10 of 64 bytes failed: Only part of a ReadProcessMemory or WriteProcessMemory request was completed. (0x12B)
[0628/193721.983:ERROR:process_memory_win.cc(73)] ReadMemory at 0x21238febf50 of 66 bytes failed: Only part of a ReadProcessMemory or WriteProcessMemory request was completed. (0x12B)
[0628/193721.984:ERROR:process_memory_win.cc(73)] ReadMemory at 0x21238febfa0 of 62 bytes failed: Only part of a ReadProcessMemory or WriteProcessMemory request was completed. (0x12B)
[0628/193721.984:ERROR:process_memory_win.cc(73)] ReadMemory at 0x21238febff0 of 64 bytes failed: Only part of a ReadProcessMemory or WriteProcessMemory request was completed. (0x12B)
[0628/193721.984:ERROR:process_memory_win.cc(73)] ReadMemory at 0x21238fec090 of 60 bytes failed: Only part of a ReadProcessMemory or WriteProcessMemory request was completed. (0x12B)
[0628/193721.984:ERROR:process_memory_win.cc(73)] ReadMemory at 0x21238fec0e0 of 64 bytes failed: Only part of a ReadProcessMemory or WriteProcessMemory request was completed. (0x12B)
[0628/193721.984:ERROR:process_memory_win.cc(73)] ReadMemory at 0x21238fec1d0 of 64 bytes failed: Only part of a ReadProcessMemory or WriteProcessMemory request was completed. (0x12B)
[0628/193721.984:ERROR:process_memory_win.cc(73)] ReadMemory at 0x21238fec300 of 132 bytes failed: Only part of a ReadProcessMemory or WriteProcessMemory request was completed. (0x12B)
[0628/193721.984:ERROR:process_memory_win.cc(73)] ReadMemory at 0x21238fec430 of 132 bytes failed: Only part of a ReadProcessMemory or WriteProcessMemory request was completed. (0x12B)
[0628/193721.985:ERROR:process_memory_win.cc(73)] ReadMemory at 0x21238fec560 of 132 bytes failed: Only part of a ReadProcessMemory or WriteProcessMemory request was completed. (0x12B)
[0628/193721.985:ERROR:process_memory_win.cc(73)] ReadMemory at 0x21238fec690 of 132 bytes failed: Only part of a ReadProcessMemory or WriteProcessMemory request was completed. (0x12B)
[0628/193721.986:ERROR:process_memory_win.cc(73)] ReadMemory at 0x21238fec8f0 of 132 bytes failed: Only part of a ReadProcessMemory or WriteProcessMemory request was completed. (0x12B)
[0628/193721.987:ERROR:process_memory_win.cc(73)] ReadMemory at 0x21238feca20 of 132 bytes failed: Only part of a ReadProcessMemory or WriteProcessMemory request was completed. (0x12B)
[0628/193721.987:ERROR:process_memory_win.cc(73)] ReadMemory at 0x21238fecb50 of 132 bytes failed: Only part of a ReadProcessMemory or WriteProcessMemory request was completed. (0x12B)
[0628/193721.988:ERROR:process_memory_win.cc(73)] ReadMemory at 0x21238fecc80 of 132 bytes failed: Only part of a ReadProcessMemory or WriteProcessMemory request was completed. (0x12B)
[0628/193721.991:ERROR:process_memory_win.cc(73)] ReadMemory at 0x21238fecdb0 of 132 bytes failed: Only part of a ReadProcessMemory or WriteProcessMemory request was completed. (0x12B)
[0628/193721.991:ERROR:process_memory_win.cc(73)] ReadMemory at 0x21238fecee0 of 132 bytes failed: Only part of a ReadProcessMemory or WriteProcessMemory request was completed. (0x12B)
[0628/193721.991:ERROR:process_memory_win.cc(73)] ReadMemory at 0x21238fed010 of 132 bytes failed: Only part of a ReadProcessMemory or WriteProcessMemory request was completed. (0x12B)
[0628/193721.991:ERROR:process_memory_win.cc(73)] ReadMemory at 0x21238fed140 of 132 bytes failed: Only part of a ReadProcessMemory or WriteProcessMemory request was completed. (0x12B)
[0628/193721.991:ERROR:process_memory_win.cc(73)] ReadMemory at 0x21238fef2a0 of 54 bytes failed: Only part of a ReadProcessMemory or WriteProcessMemory request was completed. (0x12B)
[0628/193721.991:ERROR:process_memory_win.cc(73)] ReadMemory at 0x21238ff0f60 of 132 bytes failed: Only part of a ReadProcessMemory or WriteProcessMemory request was completed. (0x12B)
[0628/193721.991:ERROR:process_memory_win.cc(73)] ReadMemory at 0x21238ff28a0 of 132 bytes failed: Only part of a ReadProcessMemory or WriteProcessMemory request was completed. (0x12B)
[0628/193721.991:ERROR:process_memory_win.cc(73)] ReadMemory at 0x21238ff4700 of 132 bytes failed: Only part of a ReadProcessMemory or WriteProcessMemory request was completed. (0x12B)
[0628/193721.991:ERROR:process_memory_win.cc(73)] ReadMemory at 0x21238ff5120 of 132 bytes failed: Only part of a ReadProcessMemory or WriteProcessMemory request was completed. (0x12B)
[0628/193721.991:ERROR:process_memory_win.cc(73)] ReadMemory at 0x21238ff6430 of 76 bytes failed: Only part of a ReadProcessMemory or WriteProcessMemory request was completed. (0x12B)
[0628/193721.992:ERROR:process_memory_win.cc(73)] ReadMemory at 0x21238ff6490 of 78 bytes failed: Only part of a ReadProcessMemory or WriteProcessMemory request was completed. (0x12B)
[0628/193721.992:ERROR:process_memory_win.cc(73)] ReadMemory at 0x21238ff6550 of 80 bytes failed: Only part of a ReadProcessMemory or WriteProcessMemory request was completed. (0x12B)
[0628/193721.992:ERROR:process_memory_win.cc(73)] ReadMemory at 0x21238ff6940 of 64 bytes failed: Only part of a ReadProcessMemory or WriteProcessMemory request was completed. (0x12B)
[0628/193721.992:ERROR:process_memory_win.cc(73)] ReadMemory at 0x21238ff6a80 of 64 bytes failed: Only part of a ReadProcessMemory or WriteProcessMemory request was completed. (0x12B)
[0628/193721.992:ERROR:process_memory_win.cc(73)] ReadMemory at 0x21238ff6b20 of 62 bytes failed: Only part of a ReadProcessMemory or WriteProcessMemory request was completed. (0x12B)
[0628/193721.992:ERROR:process_memory_win.cc(73)] ReadMemory at 0x21238ff6b70 of 60 bytes failed: Only part of a ReadProcessMemory or WriteProcessMemory request was completed. (0x12B)
[0628/193721.992:ERROR:process_memory_win.cc(73)] ReadMemory at 0x21238ff6c60 of 64 bytes failed: Only part of a ReadProcessMemory or WriteProcessMemory request was completed. (0x12B)
[0628/193721.992:ERROR:process_memory_win.cc(73)] ReadMemory at 0x21238ff6cb0 of 62 bytes failed: Only part of a ReadProcessMemory or WriteProcessMemory request was completed. (0x12B)
[0628/193721.992:ERROR:process_memory_win.cc(73)] ReadMemory at 0x21238ff6f30 of 62 bytes failed: Only part of a ReadProcessMemory or WriteProcessMemory request was completed. (0x12B)
[0628/193721.992:ERROR:process_memory_win.cc(73)] ReadMemory at 0x21238ff7070 of 62 bytes failed: Only part of a ReadProcessMemory or WriteProcessMemory request was completed. (0x12B)
[0628/193721.992:ERROR:process_memory_win.cc(73)] ReadMemory at 0x21238ff7110 of 62 bytes failed: Only part of a ReadProcessMemory or WriteProcessMemory request was completed. (0x12B)
[0628/193721.992:ERROR:process_memory_win.cc(73)] ReadMemory at 0x21238ff7160 of 62 bytes failed: Only part of a ReadProcessMemory or WriteProcessMemory request was completed. (0x12B)
[0628/193721.992:ERROR:process_memory_win.cc(73)] ReadMemory at 0x21238ff71b0 of 66 bytes failed: Only part of a ReadProcessMemory or WriteProcessMemory request was completed. (0x12B)
[0628/193721.993:ERROR:process_memory_win.cc(73)] ReadMemory at 0x21238ff7250 of 60 bytes failed: Only part of a ReadProcessMemory or WriteProcessMemory request was completed. (0x12B)
[0628/193721.993:ERROR:process_memory_win.cc(73)] ReadMemory at 0x21238ff72a0 of 64 bytes failed: Only part of a ReadProcessMemory or WriteProcessMemory request was completed. (0x12B)
[0628/193721.993:ERROR:process_memory_win.cc(73)] ReadMemory at 0x21238ff73e0 of 62 bytes failed: Only part of a ReadProcessMemory or WriteProcessMemory request was completed. (0x12B)
[0628/193721.993:ERROR:process_memory_win.cc(73)] ReadMemory at 0x21238ff7430 of 58 bytes failed: Only part of a ReadProcessMemory or WriteProcessMemory request was completed. (0x12B)
[0628/193721.993:ERROR:process_memory_win.cc(73)] ReadMemory at 0x21238ff74d0 of 60 bytes failed: Only part of a ReadProcessMemory or WriteProcessMemory request was completed. (0x12B)
[0628/193721.993:ERROR:process_memory_win.cc(73)] ReadMemory at 0x21238ff7570 of 60 bytes failed: Only part of a ReadProcessMemory or WriteProcessMemory request was completed. (0x12B)
[0628/193721.993:ERROR:process_memory_win.cc(73)] ReadMemory at 0x21238ff75c0 of 62 bytes failed: Only part of a ReadProcessMemory or WriteProcessMemory request was completed. (0x12B)
[0628/193721.993:ERROR:process_memory_win.cc(73)] ReadMemory at 0x21238ff7f70 of 132 bytes failed: Only part of a ReadProcessMemory or WriteProcessMemory request was completed. (0x12B)
[0628/193721.993:ERROR:process_memory_win.cc(73)] ReadMemory at 0x21238ff80a0 of 132 bytes failed: Only part of a ReadProcessMemory or WriteProcessMemory request was completed. (0x12B)
[0628/193721.994:ERROR:process_memory_win.cc(73)] ReadMemory at 0x21238ff81d0 of 132 bytes failed: Only part of a ReadProcessMemory or WriteProcessMemory request was completed. (0x12B)
[0628/193721.994:ERROR:process_memory_win.cc(73)] ReadMemory at 0x21238ff8560 of 132 bytes failed: Only part of a ReadProcessMemory or WriteProcessMemory request was completed. (0x12B)
[0628/193721.994:ERROR:process_memory_win.cc(73)] ReadMemory at 0x21238ff8690 of 132 bytes failed: Only part of a ReadProcessMemory or WriteProcessMemory request was completed. (0x12B)
[0628/193721.994:ERROR:process_memory_win.cc(73)] ReadMemory at 0x21238ff8a20 of 132 bytes failed: Only part of a ReadProcessMemory or WriteProcessMemory request was completed. (0x12B)
[0628/193721.994:ERROR:process_memory_win.cc(73)] ReadMemory at 0x21238ff8b50 of 132 bytes failed: Only part of a ReadProcessMemory or WriteProcessMemory request was completed. (0x12B)
[0628/193721.994:ERROR:process_memory_win.cc(73)] ReadMemory at 0x21238ff8c80 of 132 bytes failed: Only part of a ReadProcessMemory or WriteProcessMemory request was completed. (0x12B)
[0628/193721.994:ERROR:process_memory_win.cc(73)] ReadMemory at 0x21238ff8db0 of 132 bytes failed: Only part of a ReadProcessMemory or WriteProcessMemory request was completed. (0x12B)
[0628/193721.994:ERROR:process_memory_win.cc(73)] ReadMemory at 0x21238ff9010 of 132 bytes failed: Only part of a ReadProcessMemory or WriteProcessMemory request was completed. (0x12B)
[0628/193721.995:ERROR:process_memory_win.cc(73)] ReadMemory at 0x21238ff9140 of 132 bytes failed: Only part of a ReadProcessMemory or WriteProcessMemory request was completed. (0x12B)
[0628/193721.995:ERROR:process_memory_win.cc(73)] ReadMemory at 0x21238ff9270 of 132 bytes failed: Only part of a ReadProcessMemory or WriteProcessMemory request was completed. (0x12B)
[0628/193721.995:ERROR:process_memory_win.cc(73)] ReadMemory at 0x21238ff93a0 of 132 bytes failed: Only part of a ReadProcessMemory or WriteProcessMemory request was completed. (0x12B)
[0628/193721.995:ERROR:process_memory_win.cc(73)] ReadMemory at 0x21238ff94d0 of 132 bytes failed: Only part of a ReadProcessMemory or WriteProcessMemory request was completed. (0x12B)
[0628/193721.995:ERROR:process_memory_win.cc(73)] ReadMemory at 0x21238ff9600 of 132 bytes failed: Only part of a ReadProcessMemory or WriteProcessMemory request was completed. (0x12B)
[0628/193721.995:ERROR:process_memory_win.cc(73)] ReadMemory at 0x21238ff9730 of 132 bytes failed: Only part of a ReadProcessMemory or WriteProcessMemory request was completed. (0x12B)
[0628/193721.995:ERROR:process_memory_win.cc(73)] ReadMemory at 0x21238ff9860 of 132 bytes failed: Only part of a ReadProcessMemory or WriteProcessMemory request was completed. (0x12B)
[0628/193721.998:ERROR:process_memory_win.cc(73)] ReadMemory at 0x21238ff9990 of 132 bytes failed: Only part of a ReadProcessMemory or WriteProcessMemory request was completed. (0x12B)
[0628/193721.998:ERROR:process_memory_win.cc(73)] ReadMemory at 0x21238ff9ac0 of 132 bytes failed: Only part of a ReadProcessMemory or WriteProcessMemory request was completed. (0x12B)
[0628/193721.998:ERROR:process_memory_win.cc(73)] ReadMemory at 0x21238ff9bf0 of 132 bytes failed: Only part of a ReadProcessMemory or WriteProcessMemory request was completed. (0x12B)
[0628/193721.998:ERROR:process_memory_win.cc(73)] ReadMemory at 0x21238ff9d20 of 132 bytes failed: Only part of a ReadProcessMemory or WriteProcessMemory request was completed. (0x12B)
[0628/193721.998:ERROR:process_memory_win.cc(73)] ReadMemory at 0x2123900b6b0 of 66 bytes failed: Only part of a ReadProcessMemory or WriteProcessMemory request was completed. (0x12B)
[0628/193721.999:ERROR:process_memory_win.cc(73)] ReadMemory at 0x2123900b750 of 62 bytes failed: Only part of a ReadProcessMemory or WriteProcessMemory request was completed. (0x12B)
[0628/193721.999:ERROR:process_memory_win.cc(73)] ReadMemory at 0x2123900b7a0 of 60 bytes failed: Only part of a ReadProcessMemory or WriteProcessMemory request was completed. (0x12B)
[0628/193722.023:ERROR:process_memory_win.cc(73)] ReadMemory at 0x2123900ba70 of 58 bytes failed: Only part of a ReadProcessMemory or WriteProcessMemory request was completed. (0x12B)
[0628/193722.023:ERROR:process_memory_win.cc(73)] ReadMemory at 0x2123900bd90 of 58 bytes failed: Only part of a ReadProcessMemory or WriteProcessMemory request was completed. (0x12B)
[0628/193722.023:ERROR:process_memory_win.cc(73)] ReadMemory at 0x2123900bfc0 of 64 bytes failed: Only part of a ReadProcessMemory or WriteProcessMemory request was completed. (0x12B)
[0628/193722.024:ERROR:process_memory_win.cc(73)] ReadMemory at 0x2123900c150 of 62 bytes failed: Only part of a ReadProcessMemory or WriteProcessMemory request was completed. (0x12B)
[0628/193722.024:ERROR:process_memory_win.cc(73)] ReadMemory at 0x2123900c1a0 of 58 bytes failed: Only part of a ReadProcessMemory or WriteProcessMemory request was completed. (0x12B)
[0628/193722.025:ERROR:process_memory_win.cc(73)] ReadMemory at 0x2123900c1f0 of 60 bytes failed: Only part of a ReadProcessMemory or WriteProcessMemory request was completed. (0x12B)
[0628/193722.026:ERROR:process_memory_win.cc(73)] ReadMemory at 0x2123900c2e0 of 62 bytes failed: Only part of a ReadProcessMemory or WriteProcessMemory request was completed. (0x12B)
[0628/193722.027:ERROR:process_memory_win.cc(73)] ReadMemory at 0x21239016620 of 512 bytes failed: Only part of a ReadProcessMemory or WriteProcessMemory request was completed. (0x12B)
[0628/193722.027:ERROR:process_memory_win.cc(73)] ReadMemory at 0x21239017590 of 512 bytes failed: Only part of a ReadProcessMemory or WriteProcessMemory request was completed. (0x12B)
[0628/193722.027:ERROR:process_memory_win.cc(73)] ReadMemory at 0x21239019d00 of 512 bytes failed: Only part of a ReadProcessMemory or WriteProcessMemory request was completed. (0x12B)
[0628/193722.028:ERROR:process_memory_win.cc(73)] ReadMemory at 0x2123901a080 of 512 bytes failed: Only part of a ReadProcessMemory or WriteProcessMemory request was completed. (0x12B)
[0628/193722.030:ERROR:process_memory_win.cc(73)] ReadMemory at 0x21239183e80 of 512 bytes failed: Only part of a ReadProcessMemory or WriteProcessMemory request was completed. (0x12B)
[0628/193722.031:ERROR:process_memory_win.cc(73)] ReadMemory at 0x21239720000 of 384 bytes failed: Only part of a ReadProcessMemory or WriteProcessMemory request was completed. (0x12B)
[0628/193722.031:ERROR:process_memory_win.cc(73)] ReadMemory at 0x21239763010 of 512 bytes failed: Only part of a ReadProcessMemory or WriteProcessMemory request was completed. (0x12B)
[0628/193722.031:ERROR:process_memory_win.cc(73)] ReadMemory at 0x21239776de0 of 712 bytes failed: Only part of a ReadProcessMemory or WriteProcessMemory request was completed. (0x12B)
[0628/193722.031:ERROR:process_memory_win.cc(73)] ReadMemory at 0x21239780df0 of 512 bytes failed: Only part of a ReadProcessMemory or WriteProcessMemory request was completed. (0x12B)
[0628/193722.032:ERROR:process_memory_win.cc(73)] ReadMemory at 0x2123978fa90 of 512 bytes failed: Only part of a ReadProcessMemory or WriteProcessMemory request was completed. (0x12B)
[0628/193722.032:ERROR:process_memory_win.cc(73)] ReadMemory at 0x212397b7dc0 of 512 bytes failed: Only part of a ReadProcessMemory or WriteProcessMemory request was completed. (0x12B)
[0628/193722.032:ERROR:process_memory_win.cc(73)] ReadMemory at 0x212397c5210 of 512 bytes failed: Only part of a ReadProcessMemory or WriteProcessMemory request was completed. (0x12B)
[0628/193722.032:ERROR:process_memory_win.cc(73)] ReadMemory at 0x212397c7ce0 of 512 bytes failed: Only part of a ReadProcessMemory or WriteProcessMemory request was completed. (0x12B)
[0628/193722.032:ERROR:process_memory_win.cc(73)] ReadMemory at 0x2123b12b250 of 512 bytes failed: Only part of a ReadProcessMemory or WriteProcessMemory request was completed. (0x12B)
[0628/193722.032:ERROR:process_memory_win.cc(73)] ReadMemory at 0x2123b12e610 of 552 bytes failed: Only part of a ReadProcessMemory or WriteProcessMemory request was completed. (0x12B)
[0628/193722.033:ERROR:process_memory_win.cc(73)] ReadMemory at 0x2123b1ca930 of 512 bytes failed: Only part of a ReadProcessMemory or WriteProcessMemory request was completed. (0x12B)
[0628/193722.033:ERROR:process_memory_win.cc(73)] ReadMemory at 0x2123cbbac80 of 512 bytes failed: Only part of a ReadProcessMemory or WriteProcessMemory request was completed. (0x12B)
[0628/193722.033:ERROR:process_memory_win.cc(73)] ReadMemory at 0x2123cd8f060 of 512 bytes failed: Only part of a ReadProcessMemory or WriteProcessMemory request was completed. (0x12B)
[0628/193722.034:ERROR:process_memory_win.cc(73)] ReadMemory at 0x2123d223df0 of 512 bytes failed: Only part of a ReadProcessMemory or WriteProcessMemory request was completed. (0x12B)
[0628/193722.034:ERROR:process_memory_win.cc(73)] ReadMemory at 0x2123d6656e8 of 512 bytes failed: Only part of a ReadProcessMemory or WriteProcessMemory request was completed. (0x12B)
[0628/193722.082:ERROR:scoped_process_suspend.cc(40)] NtResumeProcess: An attempt was made to access an exiting process. (0xc000010a)
[0628/201403.460:ERROR:process_reader_win.cc(123)] NtOpenThread: {Access Denied} A process has requested access to an object, but has not been granted those access rights. (0xc0000022)
[0628/201403.731:ERROR:exception_snapshot_win.cc(98)] thread ID 11384 not found in process
[0628/201403.577:ERROR:process_reader_win.cc(123)] NtOpenThread: {Access Denied} A process has requested access to an object, but has not been granted those access rights. (0xc0000022)
[0628/201403.731:ERROR:exception_snapshot_win.cc(98)] thread ID 11636 not found in process
[0628/201403.789:ERROR:process_reader_win.cc(123)] NtOpenThread: {Access Denied} A process has requested access to an object, but has not been granted those access rights. (0xc0000022)
[0628/201403.789:ERROR:exception_snapshot_win.cc(98)] thread ID 10516 not found in process
[0628/201404.881:ERROR:process_reader_win.cc(123)] NtOpenThread: {Access Denied} A process has requested access to an object, but has not been granted those access rights. (0xc0000022)
[0628/201404.881:ERROR:exception_snapshot_win.cc(98)] thread ID 11852 not found in process
